\BOOKMARK [0][-]{chapter*.4}{Abstract}{}% 1
\BOOKMARK [0][-]{chapter*.5}{\334berblick}{}% 2
\BOOKMARK [0][-]{chapter*.6}{Acknowledgements}{}% 3
\BOOKMARK [0][-]{chapter*.7}{Conventions}{}% 4
\BOOKMARK [0][-]{chapter.1}{Introduction}{}% 5
\BOOKMARK [0][-]{chapter.2}{Related work}{}% 6
\BOOKMARK [1][-]{section.2.1}{Resistive vs. Capacitive Touch}{chapter.2}% 7
\BOOKMARK [1][-]{section.2.2}{General Overview}{chapter.2}% 8
\BOOKMARK [1][-]{section.2.3}{Textile Touch Pads}{chapter.2}% 9
\BOOKMARK [0][-]{chapter.3}{Hardware Prototype and Software Development}{}% 10
\BOOKMARK [1][-]{section.3.1}{System Design}{chapter.3}% 11
\BOOKMARK [1][-]{section.3.2}{Early Testing}{chapter.3}% 12
\BOOKMARK [1][-]{section.3.3}{The Prototype}{chapter.3}% 13
\BOOKMARK [1][-]{section.3.4}{The Software}{chapter.3}% 14
\BOOKMARK [0][-]{chapter.4}{System Evaluation}{}% 15
\BOOKMARK [1][-]{section.4.1}{Physical Limitation Study}{chapter.4}% 16
\BOOKMARK [1][-]{section.4.2}{Study Design}{chapter.4}% 17
\BOOKMARK [1][-]{section.4.3}{Study Procedure}{chapter.4}% 18
\BOOKMARK [1][-]{section.4.4}{Observation}{chapter.4}% 19
\BOOKMARK [0][-]{chapter.5}{Summary and future work}{}% 20
\BOOKMARK [1][-]{section.5.1}{Summary and contributions}{chapter.5}% 21
\BOOKMARK [1][-]{section.5.2}{Future work}{chapter.5}% 22
\BOOKMARK [0][-]{appendix.A}{TITLE OF THE FIRST APPENDIX}{}% 23
\BOOKMARK [0][-]{appendix.B}{TITLE OF THE SECOND APPENDIX}{}% 24
\BOOKMARK [0][-]{section*.13}{Bibliography}{}% 25
\BOOKMARK [0][-]{section*.15}{Index}{}% 26
