This is pdfTeX, Version 3.14159265-2.6-1.40.16 (TeX Live 2015) (preloaded format=pdflatex 2015.10.11)  30 MAR 2016 03:40
entering extended mode
 restricted \write18 enabled.
 %&-line parsing enabled.
**main.tex
(./main.tex
LaTeX2e <2015/01/01>
Babel <3.9l> and hyphenation patterns for 79 languages loaded.
(/usr/local/texlive/2015/texmf-dist/tex/latex/base/book.cls
Document Class: book 2014/09/29 v1.4h Standard LaTeX document class
(/usr/local/texlive/2015/texmf-dist/tex/latex/base/bk11.clo
File: bk11.clo 2014/09/29 v1.4h Standard LaTeX file (size option)
)
\c@part=\count79
\c@chapter=\count80
\c@section=\count81
\c@subsection=\count82
\c@subsubsection=\count83
\c@paragraph=\count84
\c@subparagraph=\count85
\c@figure=\count86
\c@table=\count87
\abovecaptionskip=\skip41
\belowcaptionskip=\skip42
\bibindent=\dimen102
)
\@input{i10preamble.aux}
\openout2 = `i10preamble.aux'.

(./i10preamble.tex
(/usr/local/texlive/2015/texmf-dist/tex/latex/base/inputenc.sty
Package: inputenc 2015/03/17 v1.2c Input encoding file
\inpenc@prehook=\toks14
\inpenc@posthook=\toks15

(/usr/local/texlive/2015/texmf-dist/tex/latex/base/utf8.def
File: utf8.def 2014/09/29 v1.1m UTF-8 support for inputenc
Now handling font encoding OML ...
... no UTF-8 mapping file for font encoding OML
Now handling font encoding T1 ...
... processing UTF-8 mapping file for font encoding T1

(/usr/local/texlive/2015/texmf-dist/tex/latex/base/t1enc.dfu
File: t1enc.dfu 2014/09/29 v1.1m UTF-8 support for inputenc
   defining Unicode char U+00A1 (decimal 161)
   defining Unicode char U+00A3 (decimal 163)
   defining Unicode char U+00AB (decimal 171)
   defining Unicode char U+00BB (decimal 187)
   defining Unicode char U+00BF (decimal 191)
   defining Unicode char U+00C0 (decimal 192)
   defining Unicode char U+00C1 (decimal 193)
   defining Unicode char U+00C2 (decimal 194)
   defining Unicode char U+00C3 (decimal 195)
   defining Unicode char U+00C4 (decimal 196)
   defining Unicode char U+00C5 (decimal 197)
   defining Unicode char U+00C6 (decimal 198)
   defining Unicode char U+00C7 (decimal 199)
   defining Unicode char U+00C8 (decimal 200)
   defining Unicode char U+00C9 (decimal 201)
   defining Unicode char U+00CA (decimal 202)
   defining Unicode char U+00CB (decimal 203)
   defining Unicode char U+00CC (decimal 204)
   defining Unicode char U+00CD (decimal 205)
   defining Unicode char U+00CE (decimal 206)
   defining Unicode char U+00CF (decimal 207)
   defining Unicode char U+00D0 (decimal 208)
   defining Unicode char U+00D1 (decimal 209)
   defining Unicode char U+00D2 (decimal 210)
   defining Unicode char U+00D3 (decimal 211)
   defining Unicode char U+00D4 (decimal 212)
   defining Unicode char U+00D5 (decimal 213)
   defining Unicode char U+00D6 (decimal 214)
   defining Unicode char U+00D8 (decimal 216)
   defining Unicode char U+00D9 (decimal 217)
   defining Unicode char U+00DA (decimal 218)
   defining Unicode char U+00DB (decimal 219)
   defining Unicode char U+00DC (decimal 220)
   defining Unicode char U+00DD (decimal 221)
   defining Unicode char U+00DE (decimal 222)
   defining Unicode char U+00DF (decimal 223)
   defining Unicode char U+00E0 (decimal 224)
   defining Unicode char U+00E1 (decimal 225)
   defining Unicode char U+00E2 (decimal 226)
   defining Unicode char U+00E3 (decimal 227)
   defining Unicode char U+00E4 (decimal 228)
   defining Unicode char U+00E5 (decimal 229)
   defining Unicode char U+00E6 (decimal 230)
   defining Unicode char U+00E7 (decimal 231)
   defining Unicode char U+00E8 (decimal 232)
   defining Unicode char U+00E9 (decimal 233)
   defining Unicode char U+00EA (decimal 234)
   defining Unicode char U+00EB (decimal 235)
   defining Unicode char U+00EC (decimal 236)
   defining Unicode char U+00ED (decimal 237)
   defining Unicode char U+00EE (decimal 238)
   defining Unicode char U+00EF (decimal 239)
   defining Unicode char U+00F0 (decimal 240)
   defining Unicode char U+00F1 (decimal 241)
   defining Unicode char U+00F2 (decimal 242)
   defining Unicode char U+00F3 (decimal 243)
   defining Unicode char U+00F4 (decimal 244)
   defining Unicode char U+00F5 (decimal 245)
   defining Unicode char U+00F6 (decimal 246)
   defining Unicode char U+00F8 (decimal 248)
   defining Unicode char U+00F9 (decimal 249)
   defining Unicode char U+00FA (decimal 250)
   defining Unicode char U+00FB (decimal 251)
   defining Unicode char U+00FC (decimal 252)
   defining Unicode char U+00FD (decimal 253)
   defining Unicode char U+00FE (decimal 254)
   defining Unicode char U+00FF (decimal 255)
   defining Unicode char U+0102 (decimal 258)
   defining Unicode char U+0103 (decimal 259)
   defining Unicode char U+0104 (decimal 260)
   defining Unicode char U+0105 (decimal 261)
   defining Unicode char U+0106 (decimal 262)
   defining Unicode char U+0107 (decimal 263)
   defining Unicode char U+010C (decimal 268)
   defining Unicode char U+010D (decimal 269)
   defining Unicode char U+010E (decimal 270)
   defining Unicode char U+010F (decimal 271)
   defining Unicode char U+0110 (decimal 272)
   defining Unicode char U+0111 (decimal 273)
   defining Unicode char U+0118 (decimal 280)
   defining Unicode char U+0119 (decimal 281)
   defining Unicode char U+011A (decimal 282)
   defining Unicode char U+011B (decimal 283)
   defining Unicode char U+011E (decimal 286)
   defining Unicode char U+011F (decimal 287)
   defining Unicode char U+0130 (decimal 304)
   defining Unicode char U+0131 (decimal 305)
   defining Unicode char U+0132 (decimal 306)
   defining Unicode char U+0133 (decimal 307)
   defining Unicode char U+0139 (decimal 313)
   defining Unicode char U+013A (decimal 314)
   defining Unicode char U+013D (decimal 317)
   defining Unicode char U+013E (decimal 318)
   defining Unicode char U+0141 (decimal 321)
   defining Unicode char U+0142 (decimal 322)
   defining Unicode char U+0143 (decimal 323)
   defining Unicode char U+0144 (decimal 324)
   defining Unicode char U+0147 (decimal 327)
   defining Unicode char U+0148 (decimal 328)
   defining Unicode char U+014A (decimal 330)
   defining Unicode char U+014B (decimal 331)
   defining Unicode char U+0150 (decimal 336)
   defining Unicode char U+0151 (decimal 337)
   defining Unicode char U+0152 (decimal 338)
   defining Unicode char U+0153 (decimal 339)
   defining Unicode char U+0154 (decimal 340)
   defining Unicode char U+0155 (decimal 341)
   defining Unicode char U+0158 (decimal 344)
   defining Unicode char U+0159 (decimal 345)
   defining Unicode char U+015A (decimal 346)
   defining Unicode char U+015B (decimal 347)
   defining Unicode char U+015E (decimal 350)
   defining Unicode char U+015F (decimal 351)
   defining Unicode char U+0160 (decimal 352)
   defining Unicode char U+0161 (decimal 353)
   defining Unicode char U+0162 (decimal 354)
   defining Unicode char U+0163 (decimal 355)
   defining Unicode char U+0164 (decimal 356)
   defining Unicode char U+0165 (decimal 357)
   defining Unicode char U+016E (decimal 366)
   defining Unicode char U+016F (decimal 367)
   defining Unicode char U+0170 (decimal 368)
   defining Unicode char U+0171 (decimal 369)
   defining Unicode char U+0178 (decimal 376)
   defining Unicode char U+0179 (decimal 377)
   defining Unicode char U+017A (decimal 378)
   defining Unicode char U+017B (decimal 379)
   defining Unicode char U+017C (decimal 380)
   defining Unicode char U+017D (decimal 381)
   defining Unicode char U+017E (decimal 382)
   defining Unicode char U+200C (decimal 8204)
   defining Unicode char U+2013 (decimal 8211)
   defining Unicode char U+2014 (decimal 8212)
   defining Unicode char U+2018 (decimal 8216)
   defining Unicode char U+2019 (decimal 8217)
   defining Unicode char U+201A (decimal 8218)
   defining Unicode char U+201C (decimal 8220)
   defining Unicode char U+201D (decimal 8221)
   defining Unicode char U+201E (decimal 8222)
   defining Unicode char U+2030 (decimal 8240)
   defining Unicode char U+2031 (decimal 8241)
   defining Unicode char U+2039 (decimal 8249)
   defining Unicode char U+203A (decimal 8250)
   defining Unicode char U+2423 (decimal 9251)
)
Now handling font encoding OT1 ...
... processing UTF-8 mapping file for font encoding OT1

(/usr/local/texlive/2015/texmf-dist/tex/latex/base/ot1enc.dfu
File: ot1enc.dfu 2014/09/29 v1.1m UTF-8 support for inputenc
   defining Unicode char U+00A1 (decimal 161)
   defining Unicode char U+00A3 (decimal 163)
   defining Unicode char U+00B8 (decimal 184)
   defining Unicode char U+00BF (decimal 191)
   defining Unicode char U+00C5 (decimal 197)
   defining Unicode char U+00C6 (decimal 198)
   defining Unicode char U+00D8 (decimal 216)
   defining Unicode char U+00DF (decimal 223)
   defining Unicode char U+00E6 (decimal 230)
   defining Unicode char U+00EC (decimal 236)
   defining Unicode char U+00ED (decimal 237)
   defining Unicode char U+00EE (decimal 238)
   defining Unicode char U+00EF (decimal 239)
   defining Unicode char U+00F8 (decimal 248)
   defining Unicode char U+0131 (decimal 305)
   defining Unicode char U+0141 (decimal 321)
   defining Unicode char U+0142 (decimal 322)
   defining Unicode char U+0152 (decimal 338)
   defining Unicode char U+0153 (decimal 339)
   defining Unicode char U+2013 (decimal 8211)
   defining Unicode char U+2014 (decimal 8212)
   defining Unicode char U+2018 (decimal 8216)
   defining Unicode char U+2019 (decimal 8217)
   defining Unicode char U+201C (decimal 8220)
   defining Unicode char U+201D (decimal 8221)
)
Now handling font encoding OMS ...
... processing UTF-8 mapping file for font encoding OMS

(/usr/local/texlive/2015/texmf-dist/tex/latex/base/omsenc.dfu
File: omsenc.dfu 2014/09/29 v1.1m UTF-8 support for inputenc
   defining Unicode char U+00A7 (decimal 167)
   defining Unicode char U+00B6 (decimal 182)
   defining Unicode char U+00B7 (decimal 183)
   defining Unicode char U+2020 (decimal 8224)
   defining Unicode char U+2021 (decimal 8225)
   defining Unicode char U+2022 (decimal 8226)
)
Now handling font encoding OMX ...
... no UTF-8 mapping file for font encoding OMX
Now handling font encoding U ...
... no UTF-8 mapping file for font encoding U
   defining Unicode char U+00A9 (decimal 169)
   defining Unicode char U+00AA (decimal 170)
   defining Unicode char U+00AE (decimal 174)
   defining Unicode char U+00BA (decimal 186)
   defining Unicode char U+02C6 (decimal 710)
   defining Unicode char U+02DC (decimal 732)
   defining Unicode char U+200C (decimal 8204)
   defining Unicode char U+2026 (decimal 8230)
   defining Unicode char U+2122 (decimal 8482)
   defining Unicode char U+2423 (decimal 9251)
))
(/usr/local/texlive/2015/texmf-dist/tex/latex/base/latexsym.sty
Package: latexsym 1998/08/17 v2.2e Standard LaTeX package (lasy symbols)
\symlasy=\mathgroup4
LaTeX Font Info:    Overwriting symbol font `lasy' in version `bold'
(Font)                  U/lasy/m/n --> U/lasy/b/n on input line 52.
)
(/usr/local/texlive/2015/texmf-dist/tex/latex/amsmath/amsmath.sty
Package: amsmath 2013/01/14 v2.14 AMS math features
\@mathmargin=\skip43

For additional information on amsmath, use the `?' option.
(/usr/local/texlive/2015/texmf-dist/tex/latex/amsmath/amstext.sty
Package: amstext 2000/06/29 v2.01

(/usr/local/texlive/2015/texmf-dist/tex/latex/amsmath/amsgen.sty
File: amsgen.sty 1999/11/30 v2.0
\@emptytoks=\toks16
\ex@=\dimen103
))
(/usr/local/texlive/2015/texmf-dist/tex/latex/amsmath/amsbsy.sty
Package: amsbsy 1999/11/29 v1.2d
\pmbraise@=\dimen104
)
(/usr/local/texlive/2015/texmf-dist/tex/latex/amsmath/amsopn.sty
Package: amsopn 1999/12/14 v2.01 operator names
)
\inf@bad=\count88
LaTeX Info: Redefining \frac on input line 210.
\uproot@=\count89
\leftroot@=\count90
LaTeX Info: Redefining \overline on input line 306.
\classnum@=\count91
\DOTSCASE@=\count92
LaTeX Info: Redefining \ldots on input line 378.
LaTeX Info: Redefining \dots on input line 381.
LaTeX Info: Redefining \cdots on input line 466.
\Mathstrutbox@=\box26
\strutbox@=\box27
\big@size=\dimen105
LaTeX Font Info:    Redeclaring font encoding OML on input line 566.
LaTeX Font Info:    Redeclaring font encoding OMS on input line 567.
\macc@depth=\count93
\c@MaxMatrixCols=\count94
\dotsspace@=\muskip10
\c@parentequation=\count95
\dspbrk@lvl=\count96
\tag@help=\toks17
\row@=\count97
\column@=\count98
\maxfields@=\count99
\andhelp@=\toks18
\eqnshift@=\dimen106
\alignsep@=\dimen107
\tagshift@=\dimen108
\tagwidth@=\dimen109
\totwidth@=\dimen110
\lineht@=\dimen111
\@envbody=\toks19
\multlinegap=\skip44
\multlinetaggap=\skip45
\mathdisplay@stack=\toks20
LaTeX Info: Redefining \[ on input line 2665.
LaTeX Info: Redefining \] on input line 2666.
)
(/usr/local/texlive/2015/texmf-dist/tex/latex/amsfonts/amssymb.sty
Package: amssymb 2013/01/14 v3.01 AMS font symbols

(/usr/local/texlive/2015/texmf-dist/tex/latex/amsfonts/amsfonts.sty
Package: amsfonts 2013/01/14 v3.01 Basic AMSFonts support
\symAMSa=\mathgroup5
\symAMSb=\mathgroup6
LaTeX Font Info:    Overwriting math alphabet `\mathfrak' in version `bold'
(Font)                  U/euf/m/n --> U/euf/b/n on input line 106.
))
(/usr/local/texlive/2015/texmf-dist/tex/latex/booktabs/booktabs.sty
Package: booktabs 2005/04/14 v1.61803 publication quality tables
\heavyrulewidth=\dimen112
\lightrulewidth=\dimen113
\cmidrulewidth=\dimen114
\belowrulesep=\dimen115
\belowbottomsep=\dimen116
\aboverulesep=\dimen117
\abovetopsep=\dimen118
\cmidrulesep=\dimen119
\cmidrulekern=\dimen120
\defaultaddspace=\dimen121
\@cmidla=\count100
\@cmidlb=\count101
\@aboverulesep=\dimen122
\@belowrulesep=\dimen123
\@thisruleclass=\count102
\@lastruleclass=\count103
\@thisrulewidth=\dimen124
)
(/usr/local/texlive/2015/texmf-dist/tex/latex/graphics/color.sty
Package: color 2014/10/28 v1.1a Standard LaTeX Color (DPC)

(/usr/local/texlive/2015/texmf-dist/tex/latex/latexconfig/color.cfg
File: color.cfg 2007/01/18 v1.5 color configuration of teTeX/TeXLive
)
Package color Info: Driver file: pdftex.def on input line 142.

(/usr/local/texlive/2015/texmf-dist/tex/latex/pdftex-def/pdftex.def
File: pdftex.def 2011/05/27 v0.06d Graphics/color for pdfTeX

(/usr/local/texlive/2015/texmf-dist/tex/generic/oberdiek/infwarerr.sty
Package: infwarerr 2010/04/08 v1.3 Providing info/warning/error messages (HO)
)
(/usr/local/texlive/2015/texmf-dist/tex/generic/oberdiek/ltxcmds.sty
Package: ltxcmds 2011/11/09 v1.22 LaTeX kernel commands for general use (HO)
)
\Gread@gobject=\count104
))
(/usr/local/texlive/2015/texmf-dist/tex/latex/graphics/graphicx.sty
Package: graphicx 2014/10/28 v1.0g Enhanced LaTeX Graphics (DPC,SPQR)

(/usr/local/texlive/2015/texmf-dist/tex/latex/graphics/keyval.sty
Package: keyval 2014/10/28 v1.15 key=value parser (DPC)
\KV@toks@=\toks21
)
(/usr/local/texlive/2015/texmf-dist/tex/latex/graphics/graphics.sty
Package: graphics 2014/10/28 v1.0p Standard LaTeX Graphics (DPC,SPQR)

(/usr/local/texlive/2015/texmf-dist/tex/latex/graphics/trig.sty
Package: trig 1999/03/16 v1.09 sin cos tan (DPC)
)
(/usr/local/texlive/2015/texmf-dist/tex/latex/latexconfig/graphics.cfg
File: graphics.cfg 2010/04/23 v1.9 graphics configuration of TeX Live
)
Package graphics Info: Driver file: pdftex.def on input line 94.
)
\Gin@req@height=\dimen125
\Gin@req@width=\dimen126
)
(./noindent.sty)
(/usr/local/texlive/2015/texmf-dist/tex/latex/psnfss/palatino.sty
Package: palatino 2005/04/12 PSNFSS-v9.2a (SPQR) 
)
(/usr/local/texlive/2015/texmf-dist/tex/latex/natbib/natbib.sty
Package: natbib 2010/09/13 8.31b (PWD, AO)
\bibhang=\skip46
\bibsep=\skip47
LaTeX Info: Redefining \cite on input line 694.
\c@NAT@ctr=\count105
)
(/usr/local/texlive/2015/texmf-dist/tex/latex/base/ifthen.sty
Package: ifthen 2014/09/29 v1.1c Standard LaTeX ifthen package (DPC)
)
(/usr/local/texlive/2015/texmf-dist/tex/latex/mparhack/mparhack.sty
Package: mparhack 2005/04/17 v1.4 (T. Sgouros and S. Ulrich)
)
(/usr/local/texlive/2015/texmf-dist/tex/latex/hyperref/hyperref.sty
Package: hyperref 2012/11/06 v6.83m Hypertext links for LaTeX

(/usr/local/texlive/2015/texmf-dist/tex/generic/oberdiek/hobsub-hyperref.sty
Package: hobsub-hyperref 2012/05/28 v1.13 Bundle oberdiek, subset hyperref (HO)


(/usr/local/texlive/2015/texmf-dist/tex/generic/oberdiek/hobsub-generic.sty
Package: hobsub-generic 2012/05/28 v1.13 Bundle oberdiek, subset generic (HO)
Package: hobsub 2012/05/28 v1.13 Construct package bundles (HO)
Package hobsub Info: Skipping package `infwarerr' (already loaded).
Package hobsub Info: Skipping package `ltxcmds' (already loaded).
Package: ifluatex 2010/03/01 v1.3 Provides the ifluatex switch (HO)
Package ifluatex Info: LuaTeX not detected.
Package: ifvtex 2010/03/01 v1.5 Detect VTeX and its facilities (HO)
Package ifvtex Info: VTeX not detected.
Package: intcalc 2007/09/27 v1.1 Expandable calculations with integers (HO)
Package: ifpdf 2011/01/30 v2.3 Provides the ifpdf switch (HO)
Package ifpdf Info: pdfTeX in PDF mode is detected.
Package: etexcmds 2011/02/16 v1.5 Avoid name clashes with e-TeX commands (HO)
Package etexcmds Info: Could not find \expanded.
(etexcmds)             That can mean that you are not using pdfTeX 1.50 or
(etexcmds)             that some package has redefined \expanded.
(etexcmds)             In the latter case, load this package earlier.
Package: kvsetkeys 2012/04/25 v1.16 Key value parser (HO)
Package: kvdefinekeys 2011/04/07 v1.3 Define keys (HO)
Package: pdftexcmds 2011/11/29 v0.20 Utility functions of pdfTeX for LuaTeX (HO
)
Package pdftexcmds Info: LuaTeX not detected.
Package pdftexcmds Info: \pdf@primitive is available.
Package pdftexcmds Info: \pdf@ifprimitive is available.
Package pdftexcmds Info: \pdfdraftmode found.
Package: pdfescape 2011/11/25 v1.13 Implements pdfTeX's escape features (HO)
Package: bigintcalc 2012/04/08 v1.3 Expandable calculations on big integers (HO
)
Package: bitset 2011/01/30 v1.1 Handle bit-vector datatype (HO)
Package: uniquecounter 2011/01/30 v1.2 Provide unlimited unique counter (HO)
)
Package hobsub Info: Skipping package `hobsub' (already loaded).
Package: letltxmacro 2010/09/02 v1.4 Let assignment for LaTeX macros (HO)
Package: hopatch 2012/05/28 v1.2 Wrapper for package hooks (HO)
Package: xcolor-patch 2011/01/30 xcolor patch
Package: atveryend 2011/06/30 v1.8 Hooks at the very end of document (HO)
Package atveryend Info: \enddocument detected (standard20110627).
Package: atbegshi 2011/10/05 v1.16 At begin shipout hook (HO)
Package: refcount 2011/10/16 v3.4 Data extraction from label references (HO)
Package: hycolor 2011/01/30 v1.7 Color options for hyperref/bookmark (HO)
)
(/usr/local/texlive/2015/texmf-dist/tex/generic/ifxetex/ifxetex.sty
Package: ifxetex 2010/09/12 v0.6 Provides ifxetex conditional
)
(/usr/local/texlive/2015/texmf-dist/tex/latex/oberdiek/auxhook.sty
Package: auxhook 2011/03/04 v1.3 Hooks for auxiliary files (HO)
)
(/usr/local/texlive/2015/texmf-dist/tex/latex/oberdiek/kvoptions.sty
Package: kvoptions 2011/06/30 v3.11 Key value format for package options (HO)
)
\@linkdim=\dimen127
\Hy@linkcounter=\count106
\Hy@pagecounter=\count107

(/usr/local/texlive/2015/texmf-dist/tex/latex/hyperref/pd1enc.def
File: pd1enc.def 2012/11/06 v6.83m Hyperref: PDFDocEncoding definition (HO)
Now handling font encoding PD1 ...
... no UTF-8 mapping file for font encoding PD1
)
\Hy@SavedSpaceFactor=\count108

(/usr/local/texlive/2015/texmf-dist/tex/latex/latexconfig/hyperref.cfg
File: hyperref.cfg 2002/06/06 v1.2 hyperref configuration of TeXLive
)
Package hyperref Info: Option `plainpages' set `false' on input line 4319.
Package hyperref Info: Option `pdfpagelabels' set `true' on input line 4319.
Package hyperref Info: Hyper figures OFF on input line 4443.
Package hyperref Info: Link nesting OFF on input line 4448.
Package hyperref Info: Hyper index ON on input line 4451.
Package hyperref Info: Plain pages OFF on input line 4458.
Package hyperref Info: Backreferencing OFF on input line 4463.
Package hyperref Info: Implicit mode ON; LaTeX internals redefined.
Package hyperref Info: Bookmarks ON on input line 4688.
\c@Hy@tempcnt=\count109

(/usr/local/texlive/2015/texmf-dist/tex/latex/url/url.sty
\Urlmuskip=\muskip11
Package: url 2013/09/16  ver 3.4  Verb mode for urls, etc.
)
LaTeX Info: Redefining \url on input line 5041.
\XeTeXLinkMargin=\dimen128
\Fld@menulength=\count110
\Field@Width=\dimen129
\Fld@charsize=\dimen130
Package hyperref Info: Hyper figures OFF on input line 6295.
Package hyperref Info: Link nesting OFF on input line 6300.
Package hyperref Info: Hyper index ON on input line 6303.
Package hyperref Info: backreferencing OFF on input line 6310.
Package hyperref Info: Link coloring OFF on input line 6315.
Package hyperref Info: Link coloring with OCG OFF on input line 6320.
Package hyperref Info: PDF/A mode OFF on input line 6325.
LaTeX Info: Redefining \ref on input line 6365.
LaTeX Info: Redefining \pageref on input line 6369.
\Hy@abspage=\count111
\c@Item=\count112
\c@Hfootnote=\count113
)

Package hyperref Message: Driver: hpdftex.

(/usr/local/texlive/2015/texmf-dist/tex/latex/hyperref/hpdftex.def
File: hpdftex.def 2012/11/06 v6.83m Hyperref driver for pdfTeX
\Fld@listcount=\count114
\c@bookmark@seq@number=\count115

(/usr/local/texlive/2015/texmf-dist/tex/latex/oberdiek/rerunfilecheck.sty
Package: rerunfilecheck 2011/04/15 v1.7 Rerun checks for auxiliary files (HO)
Package uniquecounter Info: New unique counter `rerunfilecheck' on input line 2
82.
)
\Hy@SectionHShift=\skip48
)
(/usr/local/texlive/2015/texmf-dist/tex/latex/fancyhdr/fancyhdr.sty
\fancy@headwidth=\skip49
\f@ncyO@elh=\skip50
\f@ncyO@erh=\skip51
\f@ncyO@olh=\skip52
\f@ncyO@orh=\skip53
\f@ncyO@elf=\skip54
\f@ncyO@erf=\skip55
\f@ncyO@olf=\skip56
\f@ncyO@orf=\skip57
)
(/usr/local/texlive/2015/texmf-dist/tex/latex/geometry/geometry.sty
Package: geometry 2010/09/12 v5.6 Page Geometry
\Gm@cnth=\count116
\Gm@cntv=\count117
\c@Gm@tempcnt=\count118
\Gm@bindingoffset=\dimen131
\Gm@wd@mp=\dimen132
\Gm@odd@mp=\dimen133
\Gm@even@mp=\dimen134
\Gm@layoutwidth=\dimen135
\Gm@layoutheight=\dimen136
\Gm@layouthoffset=\dimen137
\Gm@layoutvoffset=\dimen138
\Gm@dimlist=\toks22
)
\fullwidth=\skip58

(/usr/local/texlive/2015/texmf-dist/tex/latex/eso-pic/eso-pic.sty
Package: eso-pic 2015/04/20 v2.0e eso-pic (RN)
)
(/usr/local/texlive/2015/texmf-dist/tex/latex/base/makeidx.sty
Package: makeidx 2014/09/29 v1.0m Standard LaTeX package
)
\@indexfile=\write3
\openout3 = `main.idx'.


Writing index file main.idx
Package color Info: Redefining color blue on input line 393.
(/usr/local/texlive/2015/texmf-dist/tex/latex/changepage/chngpage.sty
Package: chngpage 2009/10/20 v1.2b change page layout
\c@cp@cnt=\count119
\c@cp@tempcnt=\count120
)
(/usr/local/texlive/2015/texmf-dist/tex/latex/caption/caption.sty
Package: caption 2013/05/02 v3.3-89 Customizing captions (AR)

(/usr/local/texlive/2015/texmf-dist/tex/latex/caption/caption3.sty
Package: caption3 2013/05/02 v1.6-88 caption3 kernel (AR)
Package caption3 Info: TeX engine: e-TeX on input line 57.
\captionmargin=\dimen139
\captionmargin@=\dimen140
\captionwidth=\dimen141
\caption@tempdima=\dimen142
\caption@indent=\dimen143
\caption@parindent=\dimen144
\caption@hangindent=\dimen145
)
\c@ContinuedFloat=\count121
Package caption Info: hyperref package is loaded.
)
(/usr/local/texlive/2015/texmf-dist/tex/latex/rotating/rotating.sty
Package: rotating 2009/03/28 v2.16a rotated objects in LaTeX
\c@r@tfl@t=\count122
\rotFPtop=\skip59
\rotFPbot=\skip60
\rot@float@box=\box28
\rot@mess@toks=\toks23
)
\myDefBoxWidth=\skip61
\myBigDefBoxWidth=\skip62

(/usr/local/texlive/2015/texmf-dist/tex/latex/base/alltt.sty
Package: alltt 1997/06/16 v2.0g defines alltt environment
)
Package color Info: Redefining color red on input line 712.
)
(/usr/local/texlive/2015/texmf-dist/tex/latex/listings/listings.sty
\lst@mode=\count123
\lst@gtempboxa=\box29
\lst@token=\toks24
\lst@length=\count124
\lst@currlwidth=\dimen146
\lst@column=\count125
\lst@pos=\count126
\lst@lostspace=\dimen147
\lst@width=\dimen148
\lst@newlines=\count127
\lst@lineno=\count128
\lst@maxwidth=\dimen149

(/usr/local/texlive/2015/texmf-dist/tex/latex/listings/lstmisc.sty
File: lstmisc.sty 2014/09/06 1.5e (Carsten Heinz)
\c@lstnumber=\count129
\lst@skipnumbers=\count130
\lst@framebox=\box30
)
(/usr/local/texlive/2015/texmf-dist/tex/latex/listings/listings.cfg
File: listings.cfg 2014/09/06 1.5e listings configuration
))
Package: listings 2014/09/06 1.5e (Carsten Heinz)

(/usr/local/texlive/2015/texmf-dist/tex/latex/tools/array.sty
Package: array 2014/10/28 v2.4c Tabular extension package (FMi)
\col@sep=\dimen150
\extrarowheight=\dimen151
\NC@list=\toks25
\extratabsurround=\skip63
\backup@length=\skip64
)
(/usr/local/texlive/2015/texmf-dist/tex/latex/varwidth/varwidth.sty
Package: varwidth 2009/03/30 ver 0.92;  Variable-width minipages
\@vwid@box=\box31
\sift@deathcycles=\count131
\@vwid@loff=\dimen152
\@vwid@roff=\dimen153
)
(./main.aux (./indexAddOn.aux) (./declarationofownwork.aux) (./abstract.aux)
(./acknowledgements.aux) (./conventions.aux) (./introduction.aux)
(./relatedwork.aux) (./ownwork.aux) (./summaryandfuturework.aux)
(./appendix_01.aux))
\openout1 = `main.aux'.

LaTeX Font Info:    Checking defaults for OML/cmm/m/it on input line 46.
LaTeX Font Info:    ... okay on input line 46.
LaTeX Font Info:    Checking defaults for T1/cmr/m/n on input line 46.
LaTeX Font Info:    ... okay on input line 46.
LaTeX Font Info:    Checking defaults for OT1/cmr/m/n on input line 46.
LaTeX Font Info:    ... okay on input line 46.
LaTeX Font Info:    Checking defaults for OMS/cmsy/m/n on input line 46.
LaTeX Font Info:    ... okay on input line 46.
LaTeX Font Info:    Checking defaults for OMX/cmex/m/n on input line 46.
LaTeX Font Info:    ... okay on input line 46.
LaTeX Font Info:    Checking defaults for U/cmr/m/n on input line 46.
LaTeX Font Info:    ... okay on input line 46.
LaTeX Font Info:    Checking defaults for PD1/pdf/m/n on input line 46.
LaTeX Font Info:    ... okay on input line 46.
LaTeX Font Info:    Try loading font information for OT1+ppl on input line 46.

(/usr/local/texlive/2015/texmf-dist/tex/latex/psnfss/ot1ppl.fd
File: ot1ppl.fd 2001/06/04 font definitions for OT1/ppl.
)
(/usr/local/texlive/2015/texmf-dist/tex/context/base/supp-pdf.mkii
[Loading MPS to PDF converter (version 2006.09.02).]
\scratchcounter=\count132
\scratchdimen=\dimen154
\scratchbox=\box32
\nofMPsegments=\count133
\nofMParguments=\count134
\everyMPshowfont=\toks26
\MPscratchCnt=\count135
\MPscratchDim=\dimen155
\MPnumerator=\count136
\makeMPintoPDFobject=\count137
\everyMPtoPDFconversion=\toks27
) (/usr/local/texlive/2015/texmf-dist/tex/latex/oberdiek/epstopdf-base.sty
Package: epstopdf-base 2010/02/09 v2.5 Base part for package epstopdf

(/usr/local/texlive/2015/texmf-dist/tex/latex/oberdiek/grfext.sty
Package: grfext 2010/08/19 v1.1 Manage graphics extensions (HO)
)
Package grfext Info: Graphics extension search list:
(grfext)             [.png,.pdf,.jpg,.mps,.jpeg,.jbig2,.jb2,.PNG,.PDF,.JPG,.JPE
G,.JBIG2,.JB2,.eps]
(grfext)             \AppendGraphicsExtensions on input line 452.

(/usr/local/texlive/2015/texmf-dist/tex/latex/latexconfig/epstopdf-sys.cfg
File: epstopdf-sys.cfg 2010/07/13 v1.3 Configuration of (r)epstopdf for TeX Liv
e
))
\AtBeginShipoutBox=\box33
Package hyperref Info: Link coloring OFF on input line 46.

(/usr/local/texlive/2015/texmf-dist/tex/latex/hyperref/nameref.sty
Package: nameref 2012/10/27 v2.43 Cross-referencing by name of section

(/usr/local/texlive/2015/texmf-dist/tex/generic/oberdiek/gettitlestring.sty
Package: gettitlestring 2010/12/03 v1.4 Cleanup title references (HO)
)
\c@section@level=\count138
)
LaTeX Info: Redefining \ref on input line 46.
LaTeX Info: Redefining \pageref on input line 46.
LaTeX Info: Redefining \nameref on input line 46.

(./main.out) (./main.out)
\@outlinefile=\write4
\openout4 = `main.out'.


*geometry* driver: auto-detecting
*geometry* detected driver: pdftex
*geometry* verbose mode - [ preamble ] result:
* driver: pdftex
* paper: a4paper
* layout: <same size as paper>
* layoutoffset:(h,v)=(0.0pt,0.0pt)
* bindingoffset: 28.45274pt
* modes: includehead includemp twoside 
* h-part:(L,W,R)=(56.9055pt, 398.33861pt, 113.81102pt)
* v-part:(T,H,B)=(85.35826pt, 631.65118pt, 128.0374pt)
* \paperwidth=597.50787pt
* \paperheight=845.04684pt
* \textwidth=284.5276pt
* \textheight=589.19844pt
* \oddsidemargin=13.08826pt
* \evensidemargin=155.35204pt
* \topmargin=13.08827pt
* \headheight=14.0pt
* \headsep=28.45274pt
* \topskip=11.0pt
* \footskip=27.46295pt
* \marginparwidth=85.35826pt
* \marginparsep=28.45274pt
* \columnsep=10.0pt
* \skip\footins=10.0pt plus 4.0pt minus 2.0pt
* \hoffset=0.0pt
* \voffset=0.0pt
* \mag=1000
* \@twocolumnfalse
* \@twosidetrue
* \@mparswitchtrue
* \@reversemarginfalse
* (1in=72.27pt=25.4mm, 1cm=28.453pt)

Package caption Info: Begin \AtBeginDocument code.
Package caption Info: listings package is loaded.
Package caption Info: rotating package is loaded.
Package caption Info: End \AtBeginDocument code.
\c@lstlisting=\count139
\openout2 = `indexAddOn.aux'.

(./indexAddOn.tex)
<images/titlepage_bachelor.pdf, id=112, 597.50627pt x 845.0471pt>
File: images/titlepage_bachelor.pdf Graphic file (type pdf)

<use images/titlepage_bachelor.pdf>
Package pdftex.def Info: images/titlepage_bachelor.pdf used on input line 70.
(pdftex.def)             Requested size: 597.50787pt x 845.04504pt.
 [1








 <./images/titlepage_bachelor.pdf{/usr/local/texlive/2015/texmf-var/fonts/map/p
dftex/updmap/pdftex.map}>] [2


]
\openout2 = `declarationofownwork.aux'.


(./declarationofownwork.texpdfTeX warning (ext4): destination with the same ide
ntifier (name{page.i}) has been already used, duplicate ignored
<to be read again> 
                   \relax 
l.13 \end{titlepage}
                    
<images/oathstatement.pdf, id=142, 597.23125pt x 845.1575pt>
File: images/oathstatement.pdf Graphic file (type pdf)

<use images/oathstatement.pdf>
Package pdftex.def Info: images/oathstatement.pdf used on input line 13.
(pdftex.def)             Requested size: 597.50787pt x 845.6068pt.
 [1


 <./images/oathstatement.pdf>])pdfTeX warning (ext4): destination with the same
 identifier (name{page.ii}) has been already used, duplicate ignored
<to be read again> 
                   \relax 
l.76 \emptydoublepage
                      [2



]
LaTeX Font Info:    Font shape `OT1/ppl/bx/n' in size <24.88> not available
(Font)              Font shape `OT1/ppl/b/n' tried instead on input line 80.
 (./main.toc
LaTeX Font Info:    Font shape `OT1/ppl/bx/n' in size <10.95> not available
(Font)              Font shape `OT1/ppl/b/n' tried instead on input line 1.
LaTeX Font Info:    Try loading font information for U+lasy on input line 7.

(/usr/local/texlive/2015/texmf-dist/tex/latex/base/ulasy.fd
File: ulasy.fd 1998/08/17 v2.2e LaTeX symbol font definitions
)
LaTeX Font Info:    Try loading font information for U+msa on input line 7.

(/usr/local/texlive/2015/texmf-dist/tex/latex/amsfonts/umsa.fd
File: umsa.fd 2013/01/14 v3.01 AMS symbols A
)
LaTeX Font Info:    Try loading font information for U+msb on input line 7.

(/usr/local/texlive/2015/texmf-dist/tex/latex/amsfonts/umsb.fd
File: umsb.fd 2013/01/14 v3.01 AMS symbols B
) [5

])
\tf@toc=\write5
\openout5 = `main.toc'.

 [6]
(./main.lof
Underfull \hbox (badness 1616) in paragraph at lines 4--4
 \OT1/ppl/m/n/10.95 fab-ric, plas-tic lat-tice-work, jeans with fly 
 []


Underfull \hbox (badness 1314) in paragraph at lines 12--12
 [][] [][]\OT1/ppl/m/n/10.95 Condition: 53mm, rib knit fab-ric, foam, 
 []


Underfull \hbox (badness 4205) in paragraph at lines 14--14
 [][] [][]\OT1/ppl/m/n/10.95 The char-ac-ter-is-tics of \OT1/ppl/m/it/10.95 w \
OT1/ppl/m/n/10.95 are there, but 
 []

[7



])
\tf@lof=\write6
\openout6 = `main.lof'.

 [8] (./main.lot)
\tf@lot=\write7
\openout7 = `main.lot'.

 [9



] [10


]
\openout2 = `abstract.aux'.

 (./abstract.tex [11



] [12

]
Underfull \hbox (badness 2158) in paragraph at lines 20--21
\OT1/ppl/m/n/10.95 In dieser Bach-e-lo-rar-beit wird die En-twick-lung eines tr
ag-baren, biegsamen,
 []

[13]) [14




]
\openout2 = `acknowledgements.aux'.

 (./acknowledgements.tex [15



]) [16




]
\openout2 = `conventions.aux'.

 (./conventions.tex
LaTeX Font Info:    Font shape `OT1/ppl/bx/sc' in size <10.95> not available
(Font)              Font shape `OT1/ppl/b/sc' tried instead on input line 22.
LaTeX Font Info:    Try loading font information for OT1+phv on input line 22.

(/usr/local/texlive/2015/texmf-dist/tex/latex/psnfss/ot1phv.fd
File: ot1phv.fd 2001/06/04 scalable font definitions for OT1/phv.
)
LaTeX Font Info:    Font shape `OT1/phv/m/it' in size <9> not available
(Font)              Font shape `OT1/phv/m/sl' tried instead on input line 22.

Underfull \hbox (badness 10000) in paragraph at lines 22--23

 []

LaTeX Font Info:    Try loading font information for OT1+pcr on input line 28.
(/usr/local/texlive/2015/texmf-dist/tex/latex/psnfss/ot1pcr.fd
File: ot1pcr.fd 2001/06/04 font definitions for OT1/pcr.
)
Overfull \hbox (114.12044pt too wide) in paragraph at lines 38--39
[][][][] 
 []

) [17


] [18



]
\openout2 = `introduction.aux'.

 (./introduction.tex
Chapter 1.
LaTeX Font Info:    Font shape `OT1/ppl/bx/n' in size <20.74> not available
(Font)              Font shape `OT1/ppl/b/n' tried instead on input line 8.
)
Underfull \hbox (badness 10000) in paragraph at lines 11--107

 []


Underfull \hbox (badness 10000) in paragraph at lines 11--107

 []


Underfull \hbox (badness 1019) in paragraph at lines 11--107
\OT1/ppl/m/n/10.95 The fo-cus of this the-sis lies on wear-able tex-tile in-put

 []


Underfull \hbox (badness 10000) in paragraph at lines 11--107

 []


Underfull \hbox (badness 1112) in paragraph at lines 11--107
[]\OT1/ppl/m/n/10.95 Most of the tex-tile touch-pads to-day are based on ca-
 []


Underfull \hbox (badness 1052) in paragraph at lines 11--107
\OT1/ppl/m/n/10.95 lim-ited not to men-tion mul-ti-touch. To im-prove their
 []


Underfull \hbox (badness 10000) in paragraph at lines 11--107

 []


Underfull \hbox (badness 2237) in paragraph at lines 11--107
[]\OT1/ppl/m/n/10.95 In this the-sis we present our novel wear-able, bend-
 []

[1



] [2]
\openout2 = `relatedwork.aux'.

 (./relatedwork.tex
Chapter 2.
LaTeX Font Info:    Font shape `OT1/ppl/bx/n' in size <14.4> not available
(Font)              Font shape `OT1/ppl/b/n' tried instead on input line 13.
LaTeX Font Info:    Font shape `OT1/ppl/bx/n' in size <12> not available
(Font)              Font shape `OT1/ppl/b/n' tried instead on input line 14.

Underfull \hbox (badness 1308) in paragraph at lines 17--19
[][]\OT1/ppl/m/n/10.95 Capacitive touch uses a non-conducting ma-te-rial with
 []


Underfull \hbox (badness 10000) in paragraph at lines 17--19

 []


Underfull \hbox (badness 2221) in paragraph at lines 17--19
[]\OT1/ppl/m/n/10.95 Resistive touch tech-nol-ogy uses two sep-a-rated lay-ers
 []

[3





] [4]
Underfull \hbox (badness 10000) in paragraph at lines 41--42
\OT1/ppl/m/n/10.95 and roughly move-
 []


Underfull \hbox (badness 10000) in paragraph at lines 41--42
\OT1/ppl/m/n/10.95 ment of pinch in
 []


Underfull \hbox (badness 6445) in paragraph at lines 43--44
[]|\OT1/ppl/m/n/10.95 not tested (the-o-ret-i-
 []


Underfull \hbox (badness 10000) in paragraph at lines 45--46
[]|\OT1/ppl/m/n/10.95 not tested (mul-ti-
 []


Underfull \hbox (badness 10000) in paragraph at lines 45--46
\OT1/ppl/m/n/10.95 stroke rec-og-nizer
 []


Underfull \hbox (badness 1226) in paragraph at lines 45--46
\OT1/ppl/m/n/10.95 N$ by []An-thony and
 []


Underfull \hbox (badness 10000) in paragraph at lines 45--46
\OT1/ppl/m/n/10.95 Wob-brock[] [[]2012[]]
 []


Underfull \hbox (badness 4872) in paragraph at lines 49--50
[]|\OT1/ppl/m/n/10.95 detects axis of fold
 []


Underfull \hbox (badness 10000) in paragraph at lines 49--50
\OT1/ppl/m/n/10.95 and move-ment of
 []


Overfull \hbox (9.67271pt too wide) in paragraph at lines 37--52
[][] 
 []

[5]) [6]
\openout2 = `ownwork.aux'.

 (./ownwork.tex
Chapter 3.

Underfull \hbox (badness 10000) in paragraph at lines 13--16

 []


Underfull \hbox (badness 10000) in paragraph at lines 13--16

 []

[7





]
Underfull \hbox (badness 10000) in paragraph at lines 17--18

 []


Underfull \hbox (badness 10000) in paragraph at lines 19--20

 []


Underfull \hbox (badness 10000) in paragraph at lines 19--20

 []


Underfull \vbox (badness 10000) has occurred while \output is active []

 [8]
LaTeX Font Info:    Try loading font information for OMS+ppl on input line 27.

(/usr/local/texlive/2015/texmf-dist/tex/latex/psnfss/omsppl.fd
File: omsppl.fd 
)
LaTeX Font Info:    Font shape `OMS/ppl/m/n' in size <10.95> not available
(Font)              Font shape `OMS/cmsy/m/n' tried instead on input line 27.

<images/earlytesting.jpg, id=394, 5492.52pt x 3661.68pt>
File: images/earlytesting.jpg Graphic file (type jpg)

<use images/earlytesting.jpg>
Package pdftex.def Info: images/earlytesting.jpg used on input line 33.
(pdftex.def)             Requested size: 274.64209pt x 183.09473pt.

<images/bothprototypes.jpg, id=396, 4700.56125pt x 2637.855pt>
File: images/bothprototypes.jpg Graphic file (type jpg)

<use images/bothprototypes.jpg>
Package pdftex.def Info: images/bothprototypes.jpg used on input line 49.
(pdftex.def)             Requested size: 282.02151pt x 158.26447pt.

<images/matorder.jpg, id=398, 5492.52pt x 3661.68pt>
File: images/matorder.jpg Graphic file (type jpg)
 <use images/matorder.jpg>
Package pdftex.def Info: images/matorder.jpg used on input line 62.
(pdftex.def)             Requested size: 274.64209pt x 183.09473pt.

Underfull \hbox (badness 10000) in paragraph at lines 40--67

 []


Underfull \hbox (badness 1460) in paragraph at lines 40--67
[]\OT1/ppl/m/n/10.95 Another prob-lem we have to ad-dress is the stretch-a-
 []


Underfull \hbox (badness 10000) in paragraph at lines 40--67

 []


Underfull \hbox (badness 10000) in paragraph at lines 40--67

 []


Underfull \hbox (badness 10000) in paragraph at lines 40--67

 []


Underfull \hbox (badness 10000) in paragraph at lines 40--67

 []


Underfull \hbox (badness 1062) in paragraph at lines 40--67
\OT1/ppl/m/n/10.95 We pro-ceed with at-tach-ing the pin-stripe lay-ers to the
 []


Underfull \vbox (badness 1152) has occurred while \output is active []

 [9 <./images/earlytesting.jpg>]
Underfull \vbox (badness 8132) has occurred while \output is active []

 [10]
Underfull \vbox (badness 10000) has occurred while \output is active []

 [11 <./images/bothprototypes.jpg>] [12 <./images/matorder.jpg>]
<images/markBasedGestures.jpg, id=417, 945.5325pt x 609.27625pt>
File: images/markBasedGestures.jpg Graphic file (type jpg)

<use images/markBasedGestures.jpg>
Package pdftex.def Info: images/markBasedGestures.jpg used on input line 79.
(pdftex.def)             Requested size: 236.38254pt x 152.31868pt.

Underfull \hbox (badness 10000) in paragraph at lines 72--85

 []


Underfull \hbox (badness 1342) in paragraph at lines 72--85
[][]\OT1/ppl/m/n/10.95 Since more than one ver-ti-cal and hor-i-zon-tal pin-str
ipe
 []


Underfull \hbox (badness 1264) in paragraph at lines 72--85
\OT1/ppl/m/n/10.95 can be con-nected at the same time we ap-ply a fil-ter
 []


Underfull \hbox (badness 10000) in paragraph at lines 72--85

 []


Underfull \hbox (badness 4084) in paragraph at lines 72--85
[][]\OT1/ppl/m/n/10.95 The next step is to ac-tu-ally rec-og-nize easy strokes
 []


Underfull \vbox (badness 10000) has occurred while \output is active []

 [13]
LaTeX Font Info:    Try loading font information for OMS+pcr on input line 86.

(/usr/local/texlive/2015/texmf-dist/tex/latex/psnfss/omspcr.fd
File: omspcr.fd 
)
LaTeX Font Info:    Font shape `OMS/pcr/m/n' in size <10.95> not available
(Font)              Font shape `OMS/cmsy/m/n' tried instead on input line 86.

Underfull \hbox (badness 10000) in paragraph at lines 88--89
[]\OT1/pcr/m/n/10.95 return $\OML/cmm/m/it/10.95 true$ \OT1/pcr/m/n/10.95 if th
e size of the
 []


Underfull \hbox (badness 10000) in paragraph at lines 89--90
[]\OT1/pcr/m/n/10.95 return $\OML/cmm/m/it/10.95 true$ \OT1/pcr/m/n/10.95 if al
l coordinates have
 []


Underfull \hbox (badness 10000) in paragraph at lines 89--90
\OT1/pcr/m/n/10.95 a $\OML/cmm/m/it/10.95 distance$ \OT1/pcr/m/n/10.95 smaller 
or equal to $\OT1/cmr/m/n/10.95 1$
 []


Underfull \hbox (badness 10000) in paragraph at lines 89--90
\OT1/pcr/m/n/10.95 respectively and the time elapsed
 []


Underfull \hbox (badness 10000) in paragraph at lines 94--95
[]\OT1/pcr/m/n/10.95 assume there is a swipe with the
 []


Underfull \hbox (badness 10000) in paragraph at lines 94--95
\OT1/pcr/m/n/10.95 first and the last item of the
 []

[14 <./images/markBasedGestures.jpg>]
Underfull \hbox (badness 10000) in paragraph at lines 96--97
[]\OT1/pcr/m/n/10.95 return $\OML/cmm/m/it/10.95 false$ \OT1/pcr/m/n/10.95 if t
he $\OML/cmm/m/it/10.95 length$ \OT1/pcr/m/n/10.95 is smaller
 []


Underfull \hbox (badness 10000) in paragraph at lines 97--98
[]\OT1/pcr/m/n/10.95 for all other points calculate the
 []


Underfull \hbox (badness 10000) in paragraph at lines 98--99
[]\OT1/pcr/m/n/10.95 return $\OML/cmm/m/it/10.95 false$ \OT1/pcr/m/n/10.95 if a
t some index the
 []


Underfull \hbox (badness 10000) in paragraph at lines 99--100
[]\OT1/pcr/m/n/10.95 else determine the direction of the
 []


Underfull \hbox (badness 10000) in paragraph at lines 103--104
[]\OT1/pcr/m/n/10.95 check if there is a line between
 []


Underfull \hbox (badness 10000) in paragraph at lines 103--104
\OT1/pcr/m/n/10.95 in the buffer under the exact same
 []


Underfull \hbox (badness 10000) in paragraph at lines 104--105
[]\OT1/pcr/m/n/10.95 return $\OML/cmm/m/it/10.95 false$ \OT1/pcr/m/n/10.95 if a
t some index the
 []


Underfull \hbox (badness 10000) in paragraph at lines 105--106
[]\OT1/pcr/m/n/10.95 calculate the directions of both
 []

<images/freeFormGestures.jpg, id=436, 733.74126pt x 499.8675pt>
File: images/freeFormGestures.jpg Graphic file (type jpg)

<use images/freeFormGestures.jpg>
Package pdftex.def Info: images/freeFormGestures.jpg used on input line 116.
(pdftex.def)             Requested size: 220.12407pt x 149.9614pt.

Underfull \hbox (badness 10000) in paragraph at lines 110--121

 []


Underfull \hbox (badness 1173) in paragraph at lines 110--121
[][][]\OT1/ppl/m/n/10.95 When test-ing our ges-ture rec-og-nizer with our cur-r
ent
 []


Underfull \hbox (badness 1242) in paragraph at lines 110--121
\OT1/ppl/m/n/10.95 com-plex ges-tures. There-fore we make use of the 1$
 []

[15] [16 <./images/freeFormGestures.jpg>]
Chapter 4.
[17

] <images/mats.jpg, id=457, 5492.52pt x 3661.68pt>
File: images/mats.jpg Graphic file (type jpg)
 <use images/mats.jpg>
Package pdftex.def Info: images/mats.jpg used on input line 133.
(pdftex.def)             Requested size: 274.64209pt x 183.09473pt.

<images/topview.jpg, id=460, 1927.2pt x 1084.05pt>
File: images/topview.jpg Graphic file (type jpg)
 <use images/topview.jpg>
Package pdftex.def Info: images/topview.jpg used on input line 151.
(pdftex.def)             Requested size: 289.06754pt x 162.60048pt.

Overfull \hbox (4.53993pt too wide) in paragraph at lines 151--152
[][] 
 []

<images/53mmtopview.jpg, id=461, 1927.2pt x 1084.05pt>
File: images/53mmtopview.jpg Graphic file (type jpg)

<use images/53mmtopview.jpg>
Package pdftex.def Info: images/53mmtopview.jpg used on input line 155.
(pdftex.def)             Requested size: 289.06754pt x 162.60048pt.

Overfull \hbox (4.53993pt too wide) in paragraph at lines 155--156
[][] 
 []


Underfull \hbox (badness 1675) in paragraph at lines 156--156
[]\OT1/ppl/b/n/10.95 Figure 4.3: |\OT1/ppl/m/n/10.95 Con-di-tion: 53mm, rib kni
t fab-ric, foam,
 []


Underfull \hbox (badness 10000) in paragraph at lines 132--159

 []


Underfull \hbox (badness 10000) in paragraph at lines 132--159

 []


Underfull \hbox (badness 6047) in paragraph at lines 132--159
[]\OT1/ppl/m/n/10.95 We asked two right-handed par-tic-i-pants, one male
 []


Underfull \hbox (badness 10000) in paragraph at lines 132--159

 []

[18] <images/gestureTemplate.jpg, id=468, 3131.7pt x 4175.6pt>
File: images/gestureTemplate.jpg Graphic file (type jpg)

<use images/gestureTemplate.jpg>
Package pdftex.def Info: images/gestureTemplate.jpg used on input line 161.
(pdftex.def)             Requested size: 219.2414pt x 292.32187pt.

Underfull \vbox (badness 10000) has occurred while \output is active []

 [19 <./images/mats.jpg>]
Underfull \hbox (badness 10000) in paragraph at lines 168--173

 []


Underfull \hbox (badness 1354) in paragraph at lines 168--173
\OT1/ppl/m/n/10.95 pres-sure was ap-plied or when the touch-sensing area
 []


Underfull \hbox (badness 10000) in paragraph at lines 168--173

 []


Underfull \hbox (badness 1509) in paragraph at lines 168--173
\OT1/ppl/m/n/10.95 When one con-di-tion is com-pleted we asked the user
 []

[20 <./images/topview.jpg> <./images/53mmtopview.jpg>]
<images/falsenegative.jpg, id=480, 764.8575pt x 643.40375pt>
File: images/falsenegative.jpg Graphic file (type jpg)

<use images/falsenegative.jpg>
Package pdftex.def Info: images/falsenegative.jpg used on input line 178.
(pdftex.def)             Requested size: 267.70413pt x 225.19469pt.

<images/overallRecognition.jpg, id=481, 785.93625pt x 575.14874pt>
File: images/overallRecognition.jpg Graphic file (type jpg)

<use images/overallRecognition.jpg>
Package pdftex.def Info: images/overallRecognition.jpg used on input line 183.
(pdftex.def)             Requested size: 275.0818pt x 201.30507pt.

<images/surface.jpg, id=483, 724.7075pt x 532.99126pt>
File: images/surface.jpg Graphic file (type jpg)

<use images/surface.jpg>
Package pdftex.def Info: images/surface.jpg used on input line 193.
(pdftex.def)             Requested size: 253.65143pt x 186.54973pt.

Underfull \hbox (badness 10000) in paragraph at lines 175--199

 []


Underfull \hbox (badness 10000) in paragraph at lines 175--199

 []


Underfull \hbox (badness 10000) in paragraph at lines 175--199

 []


Underfull \vbox (badness 10000) has occurred while \output is active []

 [21 <./images/gestureTemplate.jpg>]
Underfull \vbox (badness 2635) has occurred while \output is active []

 [22 <./images/falsenegative.jpg>] <images/foam.jpg, id=493, 559.08875pt x 584.
1825pt>
File: images/foam.jpg Graphic file (type jpg)

<use images/foam.jpg>
Package pdftex.def Info: images/foam.jpg used on input line 201.
(pdftex.def)             Requested size: 279.54369pt x 292.09053pt.

Underfull \vbox (badness 4084) has occurred while \output is active []

 [23 <./images/overallRecognition.jpg>] [24 <./images/surface.jpg> <./images/fo
am.jpg>]
Underfull \hbox (badness 1325) in paragraph at lines 206--208
\OT1/ppl/m/n/10.95 The dif-fer-ent ma-te-ri-als seem to have no in-flu-ence on
 []


Underfull \hbox (badness 1259) in paragraph at lines 206--208
\OT1/ppl/m/n/10.95 the per-for-mance of our pro-to-type as shown in fig-ure
 []


Underfull \hbox (badness 10000) in paragraph at lines 206--208

 []


Underfull \hbox (badness 10000) in paragraph at lines 206--208

 []

<images/materials.jpg, id=503, 690.58pt x 546.04pt>
File: images/materials.jpg Graphic file (type jpg)
 <use images/materials.jpg>
Package pdftex.def Info: images/materials.jpg used on input line 210.
(pdftex.def)             Requested size: 276.2271pt x 218.41212pt.

<images/gestures.jpg, id=504, 712.6625pt x 691.58376pt>
File: images/gestures.jpg Graphic file (type jpg)

<use images/gestures.jpg>
Package pdftex.def Info: images/gestures.jpg used on input line 215.
(pdftex.def)             Requested size: 285.05995pt x 276.6286pt.

Overfull \hbox (0.53235pt too wide) in paragraph at lines 215--216
[][] 
 []

[25 <./images/materials.jpg>]) [26 <./images/gestures.jpg>] [27] [28



]
\openout2 = `summaryandfuturework.aux'.


(./summaryandfuturework.tex
Chapter 5.

Underfull \hbox (badness 2443) in paragraph at lines 13--20
\OT1/ppl/m/n/10.95 con-duc-tive yarn sand-wich-ing a space made of 3mm
 []


Underfull \hbox (badness 10000) in paragraph at lines 13--20

 []


Underfull \hbox (badness 2197) in paragraph at lines 13--20
\OT1/ppl/m/n/10.95 We de-scribed how we built our pro-to-type with low
 []


Underfull \hbox (badness 2065) in paragraph at lines 13--20
\OT1/ppl/m/n/10.95 con-di-tions to eval-u-ate the phys-i-cal lim-i-ta-tions of 
the
 []


Underfull \hbox (badness 1112) in paragraph at lines 13--20
\OT1/ppl/m/n/10.95 for sen-sors with a rather low res-o-lu-tion of 14 by 14.
 []


Underfull \vbox (badness 1881) has occurred while \output is active []

 [29


])
Underfull \hbox (badness 10000) in paragraph at lines 24--113

 []


Underfull \hbox (badness 10000) in paragraph at lines 24--113

 []


Underfull \hbox (badness 10000) in paragraph at lines 24--113

 []


Underfull \hbox (badness 2080) in paragraph at lines 24--113
\OT1/ppl/m/n/10.95 Finally a num-ber of em-bed-ded pro-to-types would be
 []

[30] [31] [32



]
\openout2 = `appendix_01.aux'.

 (./appendix_01.tex
Chapter 6.
)
Overfull \hbox (114.12044pt too wide) in paragraph at lines 11--115
[][][]
 []

[33


] [34



] (./main.bbl
Underfull \hbox (badness 1655) in paragraph at lines 15--23
[]\OT1/ppl/m/n/10.95 Andrew Brag-don, Eu-gene Nel-son, Yang Li, and Ken
 []


Underfull \hbox (badness 1454) in paragraph at lines 26--33
[]\OT1/ppl/m/n/10.95 Stephen Brew-ster, Joanna Lums-den, Marek Bell, Mal-
 []

[35



]
Underfull \hbox (badness 10000) in paragraph at lines 81--88
[]\OT1/ppl/m/n/10.95 D. Prat-tichizzo, F. Chinello, C. Pac-chierotti, and
 []


Underfull \hbox (badness 2435) in paragraph at lines 81--88
\OT1/ppl/m/n/10.95 tics: A 3-dof wear-able de-vice for cu-ta-neous force
 []

[36]
Underfull \hbox (badness 1194) in paragraph at lines 125--132
\OT1/ppl/m/it/10.95 tended Ab-stracts on Hu-man Fac-tors in Com-put-ing Sys-
 []


Underfull \hbox (badness 3019) in paragraph at lines 135--145
[]\OT1/ppl/m/n/10.95 Jessica Speir, Rufino R. Ansara, Colin Killby, Emily
 []


Underfull \hbox (badness 1688) in paragraph at lines 147--156
\OT1/ppl/m/n/10.95 2047196 . 2047264$.  URL []$\OT1/pcr/m/n/10.95 http : / / do
i . acm . org / 10 .
 []

) [37] [38


] (./main.ind) [39] [40]
Package atveryend Info: Empty hook `BeforeClearDocument' on input line 144.
Package atveryend Info: Empty hook `AfterLastShipout' on input line 144.
 (./main.aux (./indexAddOn.aux)
(./declarationofownwork.aux) (./abstract.aux) (./acknowledgements.aux)
(./conventions.aux) (./introduction.aux) (./relatedwork.aux) (./ownwork.aux)
(./summaryandfuturework.aux) (./appendix_01.aux))
Package atveryend Info: Executing hook `AtVeryEndDocument' on input line 144.
Package atveryend Info: Executing hook `AtEndAfterFileList' on input line 144.
Package rerunfilecheck Info: File `main.out' has not changed.
(rerunfilecheck)             Checksum: B2115D64A9F0CA5C2312C43883E4DDF3;1587.
Package atveryend Info: Empty hook `AtVeryVeryEnd' on input line 144.
 ) 
Here is how much of TeX's memory you used:
 10666 strings out of 493089
 156534 string characters out of 6134841
 272239 words of memory out of 5000000
 13719 multiletter control sequences out of 15000+600000
 33325 words of font info for 87 fonts, out of 8000000 for 9000
 1145 hyphenation exceptions out of 8191
 40i,12n,51p,1351b,465s stack positions out of 5000i,500n,10000p,200000b,80000s
{/usr/local/texlive/2015/texmf-dist/fonts/enc/dvips/base/8r.enc}</usr/local/t
exlive/2015/texmf-dist/fonts/type1/public/amsfonts/cm/cmmi10.pfb></usr/local/te
xlive/2015/texmf-dist/fonts/type1/public/amsfonts/cm/cmr10.pfb></usr/local/texl
ive/2015/texmf-dist/fonts/type1/public/amsfonts/cm/cmr8.pfb></usr/local/texlive
/2015/texmf-dist/fonts/type1/public/amsfonts/cm/cmsy10.pfb></usr/local/texlive/
2015/texmf-dist/fonts/type1/urw/courier/ucrr8a.pfb></usr/local/texlive/2015/tex
mf-dist/fonts/type1/urw/helvetic/uhvr8a.pfb></usr/local/texlive/2015/texmf-dist
/fonts/type1/urw/helvetic/uhvro8a.pfb></usr/local/texlive/2015/texmf-dist/fonts
/type1/urw/palatino/uplb8a.pfb></usr/local/texlive/2015/texmf-dist/fonts/type1/
urw/palatino/uplr8a.pfb></usr/local/texlive/2015/texmf-dist/fonts/type1/urw/pal
atino/uplr8a.pfb></usr/local/texlive/2015/texmf-dist/fonts/type1/urw/palatino/u
plri8a.pfb>
Output written on main.pdf (58 pages, 66167355 bytes).
PDF statistics:
 694 PDF objects out of 1000 (max. 8388607)
 588 compressed objects within 6 object streams
 126 named destinations out of 1000 (max. 500000)
 302 words of extra memory for PDF output out of 10000 (max. 10000000)

